# JRE version: OpenJDK Runtime Environment (17.0.7) (build 17.0.7+0-b2043.56-10550314)
# Java VM: OpenJDK 64-Bit Server VM (17.0.7+0-b2043.56-10550314, mixed mode, tiered, compressed oops, compressed class ptrs, g1 gc, windows-amd64)
GC Precious Log:
 CPUs: 2 total, 2 available
 Memory: 12201M
 Large Page Support: Disabled
 NUMA Support: Disabled
 Compressed Oops: Enabled (32-bit)
 Heap Region Size: 1M
 Heap Min Capacity: 8M
 Heap Initial Capacity: 192M
 Heap Max Capacity: 2G
 Pre-touch: Disabled
 Parallel Workers: 2
 Concurrent Workers: 1
 Concurrent Refinement Workers: 2
 Periodic GC: Disabled
Heap:
 garbage-first heap   total 306176K, used 177648K [0x0000000080000000, 0x0000000100000000)
  region size 1024K, 40 young (40960K), 1 survivors (1024K)
 Metaspace       used 129603K, committed 130944K, reserved 1179648K
  class space    used 16961K, committed 17600K, reserved 1048576K
GC Heap History (20 events):
Event: 1531.126 GC heap before
{Heap before GC invocations=116 (full 0):
 garbage-first heap   total 306176K, used 145535K [0x0000000080000000, 0x0000000100000000)
  region size 1024K, 15 young (15360K), 14 survivors (14336K)
 Metaspace       used 117481K, committed 118528K, reserved 1179648K
  class space    used 15444K, committed 15936K, reserved 1048576K
}
Event: 1531.224 GC heap after
{Heap after GC invocations=117 (full 0):
 garbage-first heap   total 306176K, used 141967K [0x0000000080000000, 0x0000000100000000)
  region size 1024K, 1 young (1024K), 1 survivors (1024K)
 Metaspace       used 117481K, committed 118528K, reserved 1179648K
  class space    used 15444K, committed 15936K, reserved 1048576K
}
Event: 1533.260 GC heap before
{Heap before GC invocations=117 (full 0):
 garbage-first heap   total 306176K, used 157327K [0x0000000080000000, 0x0000000100000000)
  region size 1024K, 18 young (18432K), 1 survivors (1024K)
 Metaspace       used 117581K, committed 118592K, reserved 1179648K
  class space    used 15447K, committed 15936K, reserved 1048576K
}
Event: 1533.273 GC heap after
{Heap after GC invocations=118 (full 0):
 garbage-first heap   total 306176K, used 142283K [0x0000000080000000, 0x0000000100000000)
  region size 1024K, 2 young (2048K), 2 survivors (2048K)
 Metaspace       used 117581K, committed 118592K, reserved 1179648K
  class space    used 15447K, committed 15936K, reserved 1048576K
}
Event: 2485.771 GC heap before
{Heap before GC invocations=119 (full 0):
 garbage-first heap   total 306176K, used 252875K [0x0000000080000000, 0x0000000100000000)
  region size 1024K, 102 young (104448K), 2 survivors (2048K)
 Metaspace       used 118073K, committed 119104K, reserved 1179648K
  class space    used 15467K, committed 16000K, reserved 1048576K
}
Event: 2485.826 GC heap after
{Heap after GC invocations=120 (full 0):
 garbage-first heap   total 306176K, used 146888K [0x0000000080000000, 0x0000000100000000)
  region size 1024K, 9 young (9216K), 9 survivors (9216K)
 Metaspace       used 118073K, committed 119104K, reserved 1179648K
  class space    used 15467K, committed 16000K, reserved 1048576K
}
Event: 2486.175 GC heap before
{Heap before GC invocations=120 (full 0):
 garbage-first heap   total 306176K, used 152008K [0x0000000080000000, 0x0000000100000000)
  region size 1024K, 14 young (14336K), 9 survivors (9216K)
 Metaspace       used 118106K, committed 119168K, reserved 1179648K
  class space    used 15467K, committed 16000K, reserved 1048576K
}
Event: 2486.221 GC heap after
{Heap after GC invocations=121 (full 0):
 garbage-first heap   total 306176K, used 142685K [0x0000000080000000, 0x0000000100000000)
  region size 1024K, 1 young (1024K), 1 survivors (1024K)
 Metaspace       used 118106K, committed 119168K, reserved 1179648K
  class space    used 15467K, committed 16000K, reserved 1048576K
}
Event: 2888.039 GC heap before
{Heap before GC invocations=121 (full 0):
 garbage-first heap   total 306176K, used 218461K [0x0000000080000000, 0x0000000100000000)
  region size 1024K, 77 young (78848K), 1 survivors (1024K)
 Metaspace       used 118467K, committed 119488K, reserved 1179648K
  class space    used 15488K, committed 16000K, reserved 1048576K
}
Event: 2888.071 GC heap after
{Heap after GC invocations=122 (full 0):
 garbage-first heap   total 306176K, used 149672K [0x0000000080000000, 0x0000000100000000)
  region size 1024K, 8 young (8192K), 8 survivors (8192K)
 Metaspace       used 118467K, committed 119488K, reserved 1179648K
  class space    used 15488K, committed 16000K, reserved 1048576K
}
Event: 2895.347 GC heap before
{Heap before GC invocations=123 (full 0):
 garbage-first heap   total 306176K, used 265384K [0x0000000080000000, 0x0000000100000000)
  region size 1024K, 105 young (107520K), 8 survivors (8192K)
 Metaspace       used 124084K, committed 125056K, reserved 1179648K
  class space    used 16152K, committed 16640K, reserved 1048576K
}
Event: 2895.387 GC heap after
{Heap after GC invocations=124 (full 0):
 garbage-first heap   total 306176K, used 152365K [0x0000000080000000, 0x0000000100000000)
  region size 1024K, 5 young (5120K), 5 survivors (5120K)
 Metaspace       used 124084K, committed 125056K, reserved 1179648K
  class space    used 16152K, committed 16640K, reserved 1048576K
}
Event: 2896.043 GC heap before
{Heap before GC invocations=124 (full 0):
 garbage-first heap   total 306176K, used 161581K [0x0000000080000000, 0x0000000100000000)
  region size 1024K, 14 young (14336K), 5 survivors (5120K)
 Metaspace       used 124249K, committed 125248K, reserved 1179648K
  class space    used 16174K, committed 16640K, reserved 1048576K
}
Event: 2896.128 GC heap after
{Heap after GC invocations=125 (full 0):
 garbage-first heap   total 306176K, used 134621K [0x0000000080000000, 0x0000000100000000)
  region size 1024K, 1 young (1024K), 1 survivors (1024K)
 Metaspace       used 124249K, committed 125248K, reserved 1179648K
  class space    used 16174K, committed 16640K, reserved 1048576K
}
Event: 3156.071 GC heap before
{Heap before GC invocations=125 (full 0):
 garbage-first heap   total 306176K, used 247261K [0x0000000080000000, 0x0000000100000000)
  region size 1024K, 112 young (114688K), 1 survivors (1024K)
 Metaspace       used 127607K, committed 128576K, reserved 1179648K
  class space    used 16635K, committed 17088K, reserved 1048576K
}
Event: 3156.106 GC heap after
{Heap after GC invocations=126 (full 0):
 garbage-first heap   total 306176K, used 140941K [0x0000000080000000, 0x0000000100000000)
  region size 1024K, 8 young (8192K), 8 survivors (8192K)
 Metaspace       used 127607K, committed 128576K, reserved 1179648K
  class space    used 16635K, committed 17088K, reserved 1048576K
}
Event: 3165.479 GC heap before
{Heap before GC invocations=127 (full 0):
 garbage-first heap   total 306176K, used 265869K [0x0000000080000000, 0x0000000100000000)
  region size 1024K, 116 young (118784K), 8 survivors (8192K)
 Metaspace       used 128411K, committed 129664K, reserved 1179648K
  class space    used 16779K, committed 17344K, reserved 1048576K
}
Event: 3165.530 GC heap after
{Heap after GC invocations=128 (full 0):
 garbage-first heap   total 306176K, used 145373K [0x0000000080000000, 0x0000000100000000)
  region size 1024K, 15 young (15360K), 15 survivors (15360K)
 Metaspace       used 128411K, committed 129664K, reserved 1179648K
  class space    used 16779K, committed 17344K, reserved 1048576K
}
Event: 3165.541 GC heap before
{Heap before GC invocations=128 (full 0):
 garbage-first heap   total 306176K, used 146397K [0x0000000080000000, 0x0000000100000000)
  region size 1024K, 16 young (16384K), 15 survivors (15360K)
 Metaspace       used 128415K, committed 129664K, reserved 1179648K
  class space    used 16779K, committed 17344K, reserved 1048576K
}
Event: 3165.593 GC heap after
{Heap after GC invocations=129 (full 0):
 garbage-first heap   total 306176K, used 139760K [0x0000000080000000, 0x0000000100000000)
  region size 1024K, 1 young (1024K), 1 survivors (1024K)
 Metaspace       used 128415K, committed 129664K, reserved 1179648K
  class space    used 16779K, committed 17344K, reserved 1048576K
}

